<?xml version="1.0" encoding="UTF-8"?>
<testng-results skipped="0" failed="0" ignored="0" total="0" passed="0">
  <reporter-output>
  </reporter-output>
  <suite name="RunnerPackage.TestRunner" duration-ms="14" started-at="2022-01-18T14:46:49 IST" finished-at="2022-01-18T14:46:49 IST">
    <groups>
    </groups>
    <test name="Command line test" duration-ms="14" started-at="2022-01-18T14:46:49 IST" finished-at="2022-01-18T14:46:49 IST">
    </test> <!-- Command line test -->
  </suite> <!-- RunnerPackage.TestRunner -->
</testng-results>
